This file contains any messages produced by compilers while
running configure, to aid debugging if configure makes a mistake.

It was created by usbutils configure 007, which was
generated by GNU Autoconf 2.69.  Invocation command line was

  $ ./configure 

## --------- ##
## Platform. ##
## --------- ##

hostname = hardbox.local
uname -m = x86_64
uname -r = 12.5.0
uname -s = Darwin
uname -v = Darwin Kernel Version 12.5.0: Sun Sep 29 13:33:47 PDT 2013; root:xnu-2050.48.12~1/RELEASE_X86_64

/usr/bin/uname -p = i386
/bin/uname -X     = unknown

/bin/arch              = unknown
/usr/bin/arch -k       = unknown
/usr/convex/getsysinfo = unknown
/usr/bin/hostinfo      = Mach kernel version:
	 Darwin Kernel Version 12.5.0: Sun Sep 29 13:33:47 PDT 2013; root:xnu-2050.48.12~1/RELEASE_X86_64
Kernel configured for up to 8 processors.
4 processors are physically available.
8 processors are logically available.
Processor type: i486 (Intel 80486)
Processors active: 0 1 2 3 4 5 6 7
Primary memory available: 16.00 gigabytes
Default processor set: 146 tasks, 781 threads, 8 processors
Load average: 0.79, Mach factor: 7.19
/bin/machine           = unknown
/usr/bin/oslevel       = unknown
/bin/universe          = unknown

PATH: /Users/baris/.rbenv/shims
PATH: /usr/local/sbin
PATH: /usr/local/bin
PATH: /Users/baris/.nvm/v0.10.20/bin
PATH: /usr/bin
PATH: /bin
PATH: /usr/sbin
PATH: /sbin
PATH: /usr/local/bin
PATH: /opt/X11/bin
PATH: /usr/local/MacGPG2/bin


## ----------- ##
## Core tests. ##
## ----------- ##

configure:2219: checking for a BSD-compatible install
configure:2287: result: /usr/bin/install -c
configure:2298: checking whether build environment is sane
configure:2353: result: yes
configure:2504: checking for a thread-safe mkdir -p
configure:2543: result: ./install-sh -c -d
configure:2550: checking for gawk
configure:2580: result: no
configure:2550: checking for mawk
configure:2580: result: no
configure:2550: checking for nawk
configure:2580: result: no
configure:2550: checking for awk
configure:2566: found /usr/bin/awk
configure:2577: result: awk
configure:2588: checking whether make sets $(MAKE)
configure:2610: result: yes
configure:2639: checking whether make supports nested variables
configure:2656: result: yes
configure:2792: checking whether make supports nested variables
configure:2809: result: yes
configure:2834: checking for style of include used by make
configure:2862: result: GNU
configure:2933: checking for gcc
configure:2949: found /usr/bin/gcc
configure:2960: result: gcc
configure:3189: checking for C compiler version
configure:3198: gcc --version >&5
Apple LLVM version 5.0 (clang-500.2.79) (based on LLVM 3.3svn)
Target: x86_64-apple-darwin12.5.0
Thread model: posix
Configured with: --prefix=/Applications/Xcode.app/Contents/Developer/usr --with-gxx-include-dir=/usr/include/c++/4.2.1
configure:3209: $? = 0
configure:3198: gcc -v >&5
Configured with: --prefix=/Applications/Xcode.app/Contents/Developer/usr --with-gxx-include-dir=/usr/include/c++/4.2.1
Apple LLVM version 5.0 (clang-500.2.79) (based on LLVM 3.3svn)
Target: x86_64-apple-darwin12.5.0
Thread model: posix
configure:3209: $? = 0
configure:3198: gcc -V >&5
clang: error: argument to '-V' is missing (expected 1 value)
clang: error: no input files
configure:3209: $? = 1
configure:3198: gcc -qversion >&5
clang: error: no input files
configure:3209: $? = 1
configure:3229: checking whether the C compiler works
configure:3251: gcc    conftest.c  >&5
configure:3255: $? = 0
configure:3303: result: yes
configure:3306: checking for C compiler default output file name
configure:3308: result: a.out
configure:3314: checking for suffix of executables
configure:3321: gcc -o conftest    conftest.c  >&5
configure:3325: $? = 0
configure:3347: result: 
configure:3369: checking whether we are cross compiling
configure:3377: gcc -o conftest    conftest.c  >&5
configure:3381: $? = 0
configure:3388: ./conftest
configure:3392: $? = 0
configure:3407: result: no
configure:3412: checking for suffix of object files
configure:3434: gcc -c   conftest.c >&5
configure:3438: $? = 0
configure:3459: result: o
configure:3463: checking whether we are using the GNU C compiler
configure:3482: gcc -c   conftest.c >&5
configure:3482: $? = 0
configure:3491: result: yes
configure:3500: checking whether gcc accepts -g
configure:3520: gcc -c -g  conftest.c >&5
configure:3520: $? = 0
configure:3561: result: yes
configure:3578: checking for gcc option to accept ISO C89
configure:3641: gcc  -c -g -O2  conftest.c >&5
configure:3641: $? = 0
configure:3654: result: none needed
configure:3679: checking whether gcc understands -c and -o together
configure:3701: gcc -c conftest.c -o conftest2.o
configure:3704: $? = 0
configure:3701: gcc -c conftest.c -o conftest2.o
configure:3704: $? = 0
configure:3716: result: yes
configure:3735: checking dependency style of gcc
configure:3846: result: gcc3
configure:3867: checking how to run the C preprocessor
configure:3898: gcc -E  conftest.c
configure:3898: $? = 0
configure:3912: gcc -E  conftest.c
conftest.c:11:10: fatal error: 'ac_nonexistent.h' file not found
#include <ac_nonexistent.h>
         ^
1 error generated.
configure:3912: $? = 1
configure: failed program was:
| /* confdefs.h */
| #define PACKAGE_NAME "usbutils"
| #define PACKAGE_TARNAME "usbutils"
| #define PACKAGE_VERSION "007"
| #define PACKAGE_STRING "usbutils 007"
| #define PACKAGE_BUGREPORT "linux-usb@vger.kernel.org"
| #define PACKAGE_URL ""
| #define PACKAGE "usbutils"
| #define VERSION "007"
| /* end confdefs.h.  */
| #include <ac_nonexistent.h>
configure:3937: result: gcc -E
configure:3957: gcc -E  conftest.c
configure:3957: $? = 0
configure:3971: gcc -E  conftest.c
conftest.c:11:10: fatal error: 'ac_nonexistent.h' file not found
#include <ac_nonexistent.h>
         ^
1 error generated.
configure:3971: $? = 1
configure: failed program was:
| /* confdefs.h */
| #define PACKAGE_NAME "usbutils"
| #define PACKAGE_TARNAME "usbutils"
| #define PACKAGE_VERSION "007"
| #define PACKAGE_STRING "usbutils 007"
| #define PACKAGE_BUGREPORT "linux-usb@vger.kernel.org"
| #define PACKAGE_URL ""
| #define PACKAGE "usbutils"
| #define VERSION "007"
| /* end confdefs.h.  */
| #include <ac_nonexistent.h>
configure:4000: checking for grep that handles long lines and -e
configure:4058: result: /usr/bin/grep
configure:4063: checking for egrep
configure:4125: result: /usr/bin/grep -E
configure:4130: checking for ANSI C header files
configure:4150: gcc -c -g -O2  conftest.c >&5
configure:4150: $? = 0
configure:4223: gcc -o conftest -g -O2   conftest.c  >&5
configure:4223: $? = 0
configure:4223: ./conftest
configure:4223: $? = 0
configure:4234: result: yes
configure:4247: checking for sys/types.h
configure:4247: gcc -c -g -O2  conftest.c >&5
configure:4247: $? = 0
configure:4247: result: yes
configure:4247: checking for sys/stat.h
configure:4247: gcc -c -g -O2  conftest.c >&5
configure:4247: $? = 0
configure:4247: result: yes
configure:4247: checking for stdlib.h
configure:4247: gcc -c -g -O2  conftest.c >&5
configure:4247: $? = 0
configure:4247: result: yes
configure:4247: checking for string.h
configure:4247: gcc -c -g -O2  conftest.c >&5
configure:4247: $? = 0
configure:4247: result: yes
configure:4247: checking for memory.h
configure:4247: gcc -c -g -O2  conftest.c >&5
configure:4247: $? = 0
configure:4247: result: yes
configure:4247: checking for strings.h
configure:4247: gcc -c -g -O2  conftest.c >&5
configure:4247: $? = 0
configure:4247: result: yes
configure:4247: checking for inttypes.h
configure:4247: gcc -c -g -O2  conftest.c >&5
configure:4247: $? = 0
configure:4247: result: yes
configure:4247: checking for stdint.h
configure:4247: gcc -c -g -O2  conftest.c >&5
configure:4247: $? = 0
configure:4247: result: yes
configure:4247: checking for unistd.h
configure:4247: gcc -c -g -O2  conftest.c >&5
configure:4247: $? = 0
configure:4247: result: yes
configure:4260: checking minix/config.h usability
configure:4260: gcc -c -g -O2  conftest.c >&5
conftest.c:54:10: fatal error: 'minix/config.h' file not found
#include <minix/config.h>
         ^
1 error generated.
configure:4260: $? = 1
configure: failed program was:
| /* confdefs.h */
| #define PACKAGE_NAME "usbutils"
| #define PACKAGE_TARNAME "usbutils"
| #define PACKAGE_VERSION "007"
| #define PACKAGE_STRING "usbutils 007"
| #define PACKAGE_BUGREPORT "linux-usb@vger.kernel.org"
| #define PACKAGE_URL ""
| #define PACKAGE "usbutils"
| #define VERSION "007"
| #define STDC_HEADERS 1
| #define HAVE_SYS_TYPES_H 1
| #define HAVE_SYS_STAT_H 1
| #define HAVE_STDLIB_H 1
| #define HAVE_STRING_H 1
| #define HAVE_MEMORY_H 1
| #define HAVE_STRINGS_H 1
| #define HAVE_INTTYPES_H 1
| #define HAVE_STDINT_H 1
| #define HAVE_UNISTD_H 1
| /* end confdefs.h.  */
| #include <stdio.h>
| #ifdef HAVE_SYS_TYPES_H
| # include <sys/types.h>
| #endif
| #ifdef HAVE_SYS_STAT_H
| # include <sys/stat.h>
| #endif
| #ifdef STDC_HEADERS
| # include <stdlib.h>
| # include <stddef.h>
| #else
| # ifdef HAVE_STDLIB_H
| #  include <stdlib.h>
| # endif
| #endif
| #ifdef HAVE_STRING_H
| # if !defined STDC_HEADERS && defined HAVE_MEMORY_H
| #  include <memory.h>
| # endif
| # include <string.h>
| #endif
| #ifdef HAVE_STRINGS_H
| # include <strings.h>
| #endif
| #ifdef HAVE_INTTYPES_H
| # include <inttypes.h>
| #endif
| #ifdef HAVE_STDINT_H
| # include <stdint.h>
| #endif
| #ifdef HAVE_UNISTD_H
| # include <unistd.h>
| #endif
| #include <minix/config.h>
configure:4260: result: no
configure:4260: checking minix/config.h presence
configure:4260: gcc -E  conftest.c
conftest.c:21:10: fatal error: 'minix/config.h' file not found
#include <minix/config.h>
         ^
1 error generated.
configure:4260: $? = 1
configure: failed program was:
| /* confdefs.h */
| #define PACKAGE_NAME "usbutils"
| #define PACKAGE_TARNAME "usbutils"
| #define PACKAGE_VERSION "007"
| #define PACKAGE_STRING "usbutils 007"
| #define PACKAGE_BUGREPORT "linux-usb@vger.kernel.org"
| #define PACKAGE_URL ""
| #define PACKAGE "usbutils"
| #define VERSION "007"
| #define STDC_HEADERS 1
| #define HAVE_SYS_TYPES_H 1
| #define HAVE_SYS_STAT_H 1
| #define HAVE_STDLIB_H 1
| #define HAVE_STRING_H 1
| #define HAVE_MEMORY_H 1
| #define HAVE_STRINGS_H 1
| #define HAVE_INTTYPES_H 1
| #define HAVE_STDINT_H 1
| #define HAVE_UNISTD_H 1
| /* end confdefs.h.  */
| #include <minix/config.h>
configure:4260: result: no
configure:4260: checking for minix/config.h
configure:4260: result: no
configure:4281: checking whether it is safe to define __EXTENSIONS__
configure:4299: gcc -c -g -O2  conftest.c >&5
configure:4299: $? = 0
configure:4306: result: yes
configure:4327: checking for special C compiler options needed for large files
configure:4372: result: no
configure:4378: checking for _FILE_OFFSET_BITS value needed for large files
configure:4403: gcc -c -g -O2  conftest.c >&5
configure:4403: $? = 0
configure:4435: result: no
configure:4523: checking byteswap.h usability
configure:4523: gcc -c -g -O2  conftest.c >&5
conftest.c:59:10: fatal error: 'byteswap.h' file not found
#include <byteswap.h>
         ^
1 error generated.
configure:4523: $? = 1
configure: failed program was:
| /* confdefs.h */
| #define PACKAGE_NAME "usbutils"
| #define PACKAGE_TARNAME "usbutils"
| #define PACKAGE_VERSION "007"
| #define PACKAGE_STRING "usbutils 007"
| #define PACKAGE_BUGREPORT "linux-usb@vger.kernel.org"
| #define PACKAGE_URL ""
| #define PACKAGE "usbutils"
| #define VERSION "007"
| #define STDC_HEADERS 1
| #define HAVE_SYS_TYPES_H 1
| #define HAVE_SYS_STAT_H 1
| #define HAVE_STDLIB_H 1
| #define HAVE_STRING_H 1
| #define HAVE_MEMORY_H 1
| #define HAVE_STRINGS_H 1
| #define HAVE_INTTYPES_H 1
| #define HAVE_STDINT_H 1
| #define HAVE_UNISTD_H 1
| #define __EXTENSIONS__ 1
| #define _ALL_SOURCE 1
| #define _GNU_SOURCE 1
| #define _POSIX_PTHREAD_SEMANTICS 1
| #define _TANDEM_SOURCE 1
| /* end confdefs.h.  */
| #include <stdio.h>
| #ifdef HAVE_SYS_TYPES_H
| # include <sys/types.h>
| #endif
| #ifdef HAVE_SYS_STAT_H
| # include <sys/stat.h>
| #endif
| #ifdef STDC_HEADERS
| # include <stdlib.h>
| # include <stddef.h>
| #else
| # ifdef HAVE_STDLIB_H
| #  include <stdlib.h>
| # endif
| #endif
| #ifdef HAVE_STRING_H
| # if !defined STDC_HEADERS && defined HAVE_MEMORY_H
| #  include <memory.h>
| # endif
| # include <string.h>
| #endif
| #ifdef HAVE_STRINGS_H
| # include <strings.h>
| #endif
| #ifdef HAVE_INTTYPES_H
| # include <inttypes.h>
| #endif
| #ifdef HAVE_STDINT_H
| # include <stdint.h>
| #endif
| #ifdef HAVE_UNISTD_H
| # include <unistd.h>
| #endif
| #include <byteswap.h>
configure:4523: result: no
configure:4523: checking byteswap.h presence
configure:4523: gcc -E  conftest.c
conftest.c:26:10: fatal error: 'byteswap.h' file not found
#include <byteswap.h>
         ^
1 error generated.
configure:4523: $? = 1
configure: failed program was:
| /* confdefs.h */
| #define PACKAGE_NAME "usbutils"
| #define PACKAGE_TARNAME "usbutils"
| #define PACKAGE_VERSION "007"
| #define PACKAGE_STRING "usbutils 007"
| #define PACKAGE_BUGREPORT "linux-usb@vger.kernel.org"
| #define PACKAGE_URL ""
| #define PACKAGE "usbutils"
| #define VERSION "007"
| #define STDC_HEADERS 1
| #define HAVE_SYS_TYPES_H 1
| #define HAVE_SYS_STAT_H 1
| #define HAVE_STDLIB_H 1
| #define HAVE_STRING_H 1
| #define HAVE_MEMORY_H 1
| #define HAVE_STRINGS_H 1
| #define HAVE_INTTYPES_H 1
| #define HAVE_STDINT_H 1
| #define HAVE_UNISTD_H 1
| #define __EXTENSIONS__ 1
| #define _ALL_SOURCE 1
| #define _GNU_SOURCE 1
| #define _POSIX_PTHREAD_SEMANTICS 1
| #define _TANDEM_SOURCE 1
| /* end confdefs.h.  */
| #include <byteswap.h>
configure:4523: result: no
configure:4523: checking for byteswap.h
configure:4523: result: no
configure:4536: checking for nl_langinfo
configure:4536: gcc -o conftest -g -O2   conftest.c  >&5
configure:4536: $? = 0
configure:4536: result: yes
configure:4536: checking for iconv
configure:4536: gcc -o conftest -g -O2   conftest.c  >&5
Undefined symbols for architecture x86_64:
  "_iconv", referenced from:
      _main in conftest-nyB6qD.o
ld: symbol(s) not found for architecture x86_64
clang: error: linker command failed with exit code 1 (use -v to see invocation)
configure:4536: $? = 1
configure: failed program was:
| /* confdefs.h */
| #define PACKAGE_NAME "usbutils"
| #define PACKAGE_TARNAME "usbutils"
| #define PACKAGE_VERSION "007"
| #define PACKAGE_STRING "usbutils 007"
| #define PACKAGE_BUGREPORT "linux-usb@vger.kernel.org"
| #define PACKAGE_URL ""
| #define PACKAGE "usbutils"
| #define VERSION "007"
| #define STDC_HEADERS 1
| #define HAVE_SYS_TYPES_H 1
| #define HAVE_SYS_STAT_H 1
| #define HAVE_STDLIB_H 1
| #define HAVE_STRING_H 1
| #define HAVE_MEMORY_H 1
| #define HAVE_STRINGS_H 1
| #define HAVE_INTTYPES_H 1
| #define HAVE_STDINT_H 1
| #define HAVE_UNISTD_H 1
| #define __EXTENSIONS__ 1
| #define _ALL_SOURCE 1
| #define _GNU_SOURCE 1
| #define _POSIX_PTHREAD_SEMANTICS 1
| #define _TANDEM_SOURCE 1
| #define HAVE_NL_LANGINFO 1
| /* end confdefs.h.  */
| /* Define iconv to an innocuous variant, in case <limits.h> declares iconv.
|    For example, HP-UX 11i <limits.h> declares gettimeofday.  */
| #define iconv innocuous_iconv
| 
| /* System header to define __stub macros and hopefully few prototypes,
|     which can conflict with char iconv (); below.
|     Prefer <limits.h> to <assert.h> if __STDC__ is defined, since
|     <limits.h> exists even on freestanding compilers.  */
| 
| #ifdef __STDC__
| # include <limits.h>
| #else
| # include <assert.h>
| #endif
| 
| #undef iconv
| 
| /* Override any GCC internal prototype to avoid an error.
|    Use char because int might match the return type of a GCC
|    builtin and then its argument prototype would still apply.  */
| #ifdef __cplusplus
| extern "C"
| #endif
| char iconv ();
| /* The GNU C library defines this for functions which it implements
|     to always fail with ENOSYS.  Some functions are actually named
|     something starting with __ and the normal name is an alias.  */
| #if defined __stub_iconv || defined __stub___iconv
| choke me
| #endif
| 
| int
| main ()
| {
| return iconv ();
|   ;
|   return 0;
| }
configure:4536: result: no
configure:4554: checking for inflateEnd in -lz
configure:4579: gcc -o conftest -g -O2   conftest.c -lz   >&5
configure:4579: $? = 0
configure:4588: result: yes
configure:4672: checking for pkg-config
configure:4690: found /usr/local/bin/pkg-config
configure:4702: result: /usr/local/bin/pkg-config
configure:4727: checking pkg-config is at least version 0.9.0
configure:4730: result: yes
configure:4740: checking for LIBUSB
configure:4747: $PKG_CONFIG --exists --print-errors "libusb-1.0 >= 1.0.0"
configure:4750: $? = 0
configure:4764: $PKG_CONFIG --exists --print-errors "libusb-1.0 >= 1.0.0"
configure:4767: $? = 0
configure:4825: result: yes
configure:4948: checking that generated files are newer than configure
configure:4954: result: done
configure:4985: creating ./config.status

## ---------------------- ##
## Running config.status. ##
## ---------------------- ##

This file was extended by usbutils config.status 007, which was
generated by GNU Autoconf 2.69.  Invocation command line was

  CONFIG_FILES    = 
  CONFIG_HEADERS  = 
  CONFIG_LINKS    = 
  CONFIG_COMMANDS = 
  $ ./config.status 

on hardbox.local

config.status:868: creating Makefile
config.status:868: creating config.h
config.status:1049: config.h is unchanged
config.status:1097: executing depfiles commands
configure:6367: === configuring in usbhid-dump (/Users/baris/Private/tmp/usbutils/usbhid-dump)
configure:6416: WARNING: no configuration information is in usbhid-dump
configure:6461: result:
	usbutils 007
	=============

	prefix:                 /usr
	datarootdir:            ${prefix}/share
	datadir:                ${datarootdir}
	mandir:                 ${datarootdir}/man

	usb.ids:                ${datarootdir}/usb.ids
	zlib:                   

	compiler:               gcc
	cflags:                 -g -O2
	ldflags:                


## ---------------- ##
## Cache variables. ##
## ---------------- ##

ac_cv_c_compiler_gnu=yes
ac_cv_env_CC_set=
ac_cv_env_CC_value=
ac_cv_env_CFLAGS_set=
ac_cv_env_CFLAGS_value=
ac_cv_env_CPPFLAGS_set=
ac_cv_env_CPPFLAGS_value=
ac_cv_env_CPP_set=
ac_cv_env_CPP_value=
ac_cv_env_LDFLAGS_set=
ac_cv_env_LDFLAGS_value=
ac_cv_env_LIBS_set=
ac_cv_env_LIBS_value=
ac_cv_env_LIBUSB_CFLAGS_set=
ac_cv_env_LIBUSB_CFLAGS_value=
ac_cv_env_LIBUSB_LIBS_set=
ac_cv_env_LIBUSB_LIBS_value=
ac_cv_env_PKG_CONFIG_LIBDIR_set=
ac_cv_env_PKG_CONFIG_LIBDIR_value=
ac_cv_env_PKG_CONFIG_PATH_set=
ac_cv_env_PKG_CONFIG_PATH_value=
ac_cv_env_PKG_CONFIG_set=
ac_cv_env_PKG_CONFIG_value=
ac_cv_env_build_alias_set=
ac_cv_env_build_alias_value=
ac_cv_env_host_alias_set=
ac_cv_env_host_alias_value=
ac_cv_env_target_alias_set=
ac_cv_env_target_alias_value=
ac_cv_func_iconv=no
ac_cv_func_nl_langinfo=yes
ac_cv_header_byteswap_h=no
ac_cv_header_inttypes_h=yes
ac_cv_header_memory_h=yes
ac_cv_header_minix_config_h=no
ac_cv_header_stdc=yes
ac_cv_header_stdint_h=yes
ac_cv_header_stdlib_h=yes
ac_cv_header_string_h=yes
ac_cv_header_strings_h=yes
ac_cv_header_sys_stat_h=yes
ac_cv_header_sys_types_h=yes
ac_cv_header_unistd_h=yes
ac_cv_lib_z_inflateEnd=yes
ac_cv_objext=o
ac_cv_path_EGREP='/usr/bin/grep -E'
ac_cv_path_GREP=/usr/bin/grep
ac_cv_path_ac_pt_PKG_CONFIG=/usr/local/bin/pkg-config
ac_cv_path_install='/usr/bin/install -c'
ac_cv_prog_AWK=awk
ac_cv_prog_CPP='gcc -E'
ac_cv_prog_ac_ct_CC=gcc
ac_cv_prog_cc_c89=
ac_cv_prog_cc_g=yes
ac_cv_prog_make_make_set=yes
ac_cv_safe_to_define___extensions__=yes
ac_cv_sys_file_offset_bits=no
ac_cv_sys_largefile_CC=no
am_cv_CC_dependencies_compiler_type=gcc3
am_cv_make_support_nested_variables=yes
am_cv_prog_cc_c_o=yes
pkg_cv_LIBUSB_CFLAGS='-I/usr/local/Cellar/libusb/1.0.18/include/libusb-1.0 '
pkg_cv_LIBUSB_LIBS='-L/usr/local/Cellar/libusb/1.0.18/lib -lusb-1.0 '

## ----------------- ##
## Output variables. ##
## ----------------- ##

ACLOCAL='${SHELL} /Users/baris/Private/tmp/usbutils/missing aclocal-1.14'
AMDEPBACKSLASH='\'
AMDEP_FALSE='#'
AMDEP_TRUE=''
AMTAR='$${TAR-tar}'
AM_BACKSLASH='\'
AM_DEFAULT_V='$(AM_DEFAULT_VERBOSITY)'
AM_DEFAULT_VERBOSITY='0'
AM_V='$(V)'
AUTOCONF='${SHELL} /Users/baris/Private/tmp/usbutils/missing autoconf'
AUTOHEADER='${SHELL} /Users/baris/Private/tmp/usbutils/missing autoheader'
AUTOMAKE='${SHELL} /Users/baris/Private/tmp/usbutils/missing automake-1.14'
AWK='awk'
CC='gcc'
CCDEPMODE='depmode=gcc3'
CFLAGS='-g -O2'
CPP='gcc -E'
CPPFLAGS=''
CYGPATH_W='echo'
DEFS='-DHAVE_CONFIG_H'
DEPDIR='.deps'
ECHO_C='\c'
ECHO_N=''
ECHO_T=''
EGREP='/usr/bin/grep -E'
EXEEXT=''
GREP='/usr/bin/grep'
HAVE_ZLIB_FALSE='#'
HAVE_ZLIB_TRUE=''
INSTALL_DATA='${INSTALL} -m 644'
INSTALL_PROGRAM='${INSTALL}'
INSTALL_SCRIPT='${INSTALL}'
INSTALL_STRIP_PROGRAM='$(install_sh) -c -s'
INSTALL_USBIDS_FALSE='#'
INSTALL_USBIDS_TRUE=''
LDFLAGS=''
LIBOBJS=''
LIBS=''
LIBUSB_CFLAGS='-I/usr/local/Cellar/libusb/1.0.18/include/libusb-1.0 '
LIBUSB_LIBS='-L/usr/local/Cellar/libusb/1.0.18/lib -lusb-1.0 '
LTLIBOBJS=''
MAKEINFO='${SHELL} /Users/baris/Private/tmp/usbutils/missing makeinfo'
MKDIR_P='./install-sh -c -d'
OBJEXT='o'
PACKAGE='usbutils'
PACKAGE_BUGREPORT='linux-usb@vger.kernel.org'
PACKAGE_NAME='usbutils'
PACKAGE_STRING='usbutils 007'
PACKAGE_TARNAME='usbutils'
PACKAGE_URL=''
PACKAGE_VERSION='007'
PATH_SEPARATOR=':'
PKG_CONFIG='/usr/local/bin/pkg-config'
PKG_CONFIG_LIBDIR=''
PKG_CONFIG_PATH=''
SET_MAKE=''
SHELL='/bin/sh'
STRIP=''
VERSION='007'
ac_ct_CC='gcc'
am__EXEEXT_FALSE=''
am__EXEEXT_TRUE='#'
am__fastdepCC_FALSE='#'
am__fastdepCC_TRUE=''
am__include='include'
am__isrc=''
am__leading_dot='.'
am__nodep='_no'
am__quote=''
am__tar='$${TAR-tar} chof - "$$tardir"'
am__untar='$${TAR-tar} xf -'
bindir='${exec_prefix}/bin'
build_alias=''
datadir='${datarootdir}'
datarootdir='${prefix}/share'
docdir='${datarootdir}/doc/${PACKAGE_TARNAME}'
dvidir='${docdir}'
exec_prefix='${prefix}'
host_alias=''
htmldir='${docdir}'
includedir='${prefix}/include'
infodir='${datarootdir}/info'
install_sh='${SHELL} /Users/baris/Private/tmp/usbutils/install-sh'
libdir='${exec_prefix}/lib'
libexecdir='${exec_prefix}/libexec'
localedir='${datarootdir}/locale'
localstatedir='${prefix}/var'
mandir='${datarootdir}/man'
mkdir_p='$(MKDIR_P)'
oldincludedir='/usr/include'
pdfdir='${docdir}'
prefix='/usr'
program_transform_name='s,x,x,'
psdir='${docdir}'
sbindir='${exec_prefix}/sbin'
sharedstatedir='${prefix}/com'
subdirs=' usbhid-dump'
sysconfdir='${prefix}/etc'
target_alias=''

## ----------- ##
## confdefs.h. ##
## ----------- ##

/* confdefs.h */
#define PACKAGE_NAME "usbutils"
#define PACKAGE_TARNAME "usbutils"
#define PACKAGE_VERSION "007"
#define PACKAGE_STRING "usbutils 007"
#define PACKAGE_BUGREPORT "linux-usb@vger.kernel.org"
#define PACKAGE_URL ""
#define PACKAGE "usbutils"
#define VERSION "007"
#define STDC_HEADERS 1
#define HAVE_SYS_TYPES_H 1
#define HAVE_SYS_STAT_H 1
#define HAVE_STDLIB_H 1
#define HAVE_STRING_H 1
#define HAVE_MEMORY_H 1
#define HAVE_STRINGS_H 1
#define HAVE_INTTYPES_H 1
#define HAVE_STDINT_H 1
#define HAVE_UNISTD_H 1
#define __EXTENSIONS__ 1
#define _ALL_SOURCE 1
#define _GNU_SOURCE 1
#define _POSIX_PTHREAD_SEMANTICS 1
#define _TANDEM_SOURCE 1
#define HAVE_NL_LANGINFO 1

configure: exit 0
